<?xml version="1.0" encoding="UTF-8"?>
<!-- Generated by org.testng.reporters.JUnitXMLReporter -->
<testsuite ignored="2" hostname="DESKTOP-HKMC7ER" failures="2" tests="3" name="Test" time="92.567" errors="0" timestamp="2025-11-05T01:16:54 IST">
  <testcase classname="testScripts.TC_01_VerifyLogin_the_application" name="executeTest" time="56.107"/>
  <testcase classname="testScripts.TC_02_logout_the_application" name="executeTest" time="3.633">
    <failure type="java.lang.NullPointerException" message="Cannot invoke &amp;quot;java.lang.CharSequence.toString()&amp;quot; because &amp;quot;s&amp;quot; is null">
      <![CDATA[java.lang.NullPointerException: Cannot invoke "java.lang.CharSequence.toString()" because "s" is null
at java.base/java.lang.String.contains(String.java:2858)
at supportlibrariesbackend.FrameworkParameters.getExecuteStatus(FrameworkParameters.java:58)
at testScripts.TC_02_logout_the_application.executeTest(TC_02_logout_the_application.java:14)
at java.base/java.util.ArrayList.forEach(ArrayList.java:1511)
... Removed 27 stack frames]]>
    </failure>
  </testcase> <!-- executeTest -->
  <testcase classname="testScripts.TC_03_verifyuserAccout_in_the_application" name="executeTest" time="0.079">
    <failure type="java.lang.NullPointerException" message="Cannot invoke &amp;quot;java.lang.CharSequence.toString()&amp;quot; because &amp;quot;s&amp;quot; is null">
      <![CDATA[java.lang.NullPointerException: Cannot invoke "java.lang.CharSequence.toString()" because "s" is null
at java.base/java.lang.String.contains(String.java:2858)
at supportlibrariesbackend.FrameworkParameters.getExecuteStatus(FrameworkParameters.java:58)
at testScripts.TC_03_verifyuserAccout_in_the_application.executeTest(TC_03_verifyuserAccout_in_the_application.java:14)
at java.base/java.util.ArrayList.forEach(ArrayList.java:1511)
... Removed 27 stack frames]]>
    </failure>
  </testcase> <!-- executeTest -->
  <testcase classname="supportlibraries.CraftTestCase" name="@BeforeSuite setUpTestSuite" time="0.0">
    <ignored/>
  </testcase> <!-- @BeforeSuite setUpTestSuite -->
  <testcase classname="supportlibraries.CraftTestCase" name="@BeforeSuite setUpTestSuite" time="0.0">
    <ignored/>
  </testcase> <!-- @BeforeSuite setUpTestSuite -->
</testsuite> <!-- Test -->
